<?xml version="1.0" encoding="UTF-8"?>
<!-- Generated by org.testng.reporters.JUnitReportReporter -->
<testsuite hostname="MACLTUS66713" name="seleniumgenc.SeleniumPracticeTekstacShopifyTests" tests="5" failures="0" timestamp="25 Feb 2021 18:31:35 GMT" time="36.118" errors="0">
  <testcase name="incomplete_form_issues_error" time="9.446" classname="seleniumgenc.SeleniumPracticeTekstacShopifyTests"/>
  <testcase name="incomplete_form_issues_error" time="5.994" classname="seleniumgenc.SeleniumPracticeTekstacShopifyTests"/>
  <testcase name="incomplete_form_issues_error" time="6.957" classname="seleniumgenc.SeleniumPracticeTekstacShopifyTests"/>
  <testcase name="incomplete_form_issues_error" time="5.969" classname="seleniumgenc.SeleniumPracticeTekstacShopifyTests"/>
  <testcase name="incomplete_form_issues_error" time="7.752" classname="seleniumgenc.SeleniumPracticeTekstacShopifyTests"/>
</testsuite> <!-- seleniumgenc.SeleniumPracticeTekstacShopifyTests -->
